#
# A fatal error has been detected by the Java Runtime Environment:
#
#  EXCEPTION_ACCESS_VIOLATION (0xc0000005) at pc=0x00000000570a5835, pid=4416, tid=1672
#
# JRE version: Java(TM) SE Runtime Environment (8.0_65-b17) (build 1.8.0_65-b17)
# Java VM: Java HotSpot(TM) 64-Bit Server VM (25.65-b01 mixed mode windows-amd64 compressed oops)
# Problematic frame:
# C  [ig4icd64.dll+0x515835]
#
# Failed to write core dump. Minidumps are not enabled by default on client versions of Windows
#
# If you would like to submit a bug report, please visit:
#   http://bugreport.java.com/bugreport/crash.jsp
# The crash happened outside the Java Virtual Machine in native code.
# See problematic frame for where to report the bug.
#

---------------  T H R E A D  ---------------

Current thread (0x000000000227d800):  JavaThread "main" [_thread_in_native, id=1672, stack(0x0000000002460000,0x0000000002560000)]

siginfo: ExceptionCode=0xc0000005, reading address 0x0000000000000000

Registers:
RAX=0x00000000591786d0, RBX=0x0000000000000000, RCX=0x0000000000000000, RDX=0x000000000255eb70
RSP=0x000000000255e980, RBP=0x0000000000000000, RSI=0x000000000255eb70, RDI=0x000000000255eda0
R8 =0x00000000591a34a0, R9 =0x0000000000000000, R10=0x0000000059188900, R11=0x000000000255ea50
R12=0x00000000591a31f0, R13=0x0000000058050f80, R14=0x0000000000000000, R15=0x00000000579cb5b8
RIP=0x00000000570a5835, EFLAGS=0x0000000000010297

Top of Stack: (sp=0x000000000255e980)
0x000000000255e980:   0000000000000000 0000000058050f80
0x000000000255e990:   00000000591a31f0 000000000255eda0
0x000000000255e9a0:   000000000255eda0 00000000570b5e6a
0x000000000255e9b0:   0000000000000000 0000000057fe5cf8
0x000000000255e9c0:   000000000255ed70 000000000255ed70
0x000000000255e9d0:   000000000255ef00 0000000000000000
0x000000000255e9e0:   00007b63e4a8f82a 000000005918f5b0
0x000000000255e9f0:   000000000227baa0 00000000712c465a
0x000000000255ea00:   0000000000000000 0000000000000000
0x000000000255ea10:   0000000000000000 0000000059178720
0x000000000255ea20:   000000000227e740 0000000000418420
0x000000000255ea30:   000000005918f5e0 000000005918f5e0
0x000000000255ea40:   000000005918f5e8 0000000054357490
0x000000000255ea50:   00000000591786e0 00000000712c439f
0x000000000255ea60:   000000000255ec20 00000000004f1c10
0x000000000255ea70:   00000000004f1c48 00000000004f1c58 

Instructions: (pc=0x00000000570a5835)
0x00000000570a5815:   2b 47 18 48 c1 f8 03 48 3b d8 72 05 e8 2a e3 5c
0x00000000570a5825:   00 48 8b 47 18 48 8b d6 48 8b 0c d8 48 8b 49 30
0x00000000570a5835:   48 8b 01 ff 50 10 48 8b 4f 20 ff c5 48 2b 4f 18
0x00000000570a5845:   8b c5 48 ff c3 48 c1 f9 03 48 3b c1 72 a4 48 8b 


Register to memory mapping:

RAX=0x00000000591786d0 is an unknown value
RBX=0x0000000000000000 is an unknown value
RCX=0x0000000000000000 is an unknown value
RDX=0x000000000255eb70 is pointing into the stack for thread: 0x000000000227d800
RSP=0x000000000255e980 is pointing into the stack for thread: 0x000000000227d800
RBP=0x0000000000000000 is an unknown value
RSI=0x000000000255eb70 is pointing into the stack for thread: 0x000000000227d800
RDI=0x000000000255eda0 is pointing into the stack for thread: 0x000000000227d800
R8 =0x00000000591a34a0 is an unknown value
R9 =0x0000000000000000 is an unknown value
R10=0x0000000059188900 is an unknown value
R11=0x000000000255ea50 is pointing into the stack for thread: 0x000000000227d800
R12=0x00000000591a31f0 is an unknown value
R13=0x0000000058050f80 is an unknown value
R14=0x0000000000000000 is an unknown value
R15=0x00000000579cb5b8 is an unknown value


Stack: [0x0000000002460000,0x0000000002560000],  sp=0x000000000255e980,  free space=1018k
Native frames: (J=compiled Java code, j=interpreted, Vv=VM code, C=native code)

Java frames: (J=compiled Java code, j=interpreted, Vv=VM code)
j  org.lwjgl.opengl.ARBShaderObjects.nglLinkProgramARB(IJ)V+0
j  org.lwjgl.opengl.ARBShaderObjects.glLinkProgramARB(I)V+15
j  graphics.data.Shader.create(II)V+27
j  graphics.data.Shader.<init>(Ljava/lang/String;Ljava/lang/String;)V+83
j  macbeth.MacBeth.main([Ljava/lang/String;)V+58
v  ~StubRoutines::call_stub

---------------  P R O C E S S  ---------------

Java Threads: ( => current thread )
  0x00000000565ab800 JavaThread "AWT-Windows" daemon [_thread_in_native, id=4336, stack(0x000000005afb0000,0x000000005b0b0000)]
  0x00000000565a6800 JavaThread "AWT-Shutdown" [_thread_blocked, id=940, stack(0x000000005b0f0000,0x000000005b1f0000)]
  0x00000000565f5000 JavaThread "Java2D Disposer" daemon [_thread_blocked, id=528, stack(0x000000005ae40000,0x000000005af40000)]
  0x0000000054ce0800 JavaThread "Service Thread" daemon [_thread_blocked, id=4512, stack(0x0000000055850000,0x0000000055950000)]
  0x0000000054cdc800 JavaThread "C1 CompilerThread1" daemon [_thread_blocked, id=3512, stack(0x0000000056160000,0x0000000056260000)]
  0x0000000054cd8800 JavaThread "C2 CompilerThread0" daemon [_thread_blocked, id=3172, stack(0x0000000056050000,0x0000000056150000)]
  0x0000000054cd6800 JavaThread "Attach Listener" daemon [_thread_blocked, id=4736, stack(0x0000000055ec0000,0x0000000055fc0000)]
  0x0000000054cd5000 JavaThread "Signal Dispatcher" daemon [_thread_blocked, id=3612, stack(0x0000000055d40000,0x0000000055e40000)]
  0x0000000054c7b800 JavaThread "Finalizer" daemon [_thread_blocked, id=3076, stack(0x0000000055b80000,0x0000000055c80000)]
  0x0000000054c72800 JavaThread "Reference Handler" daemon [_thread_blocked, id=5084, stack(0x0000000055970000,0x0000000055a70000)]
=>0x000000000227d800 JavaThread "main" [_thread_in_native, id=1672, stack(0x0000000002460000,0x0000000002560000)]

Other Threads:
  0x0000000054c6d000 VMThread [stack: 0x00000000556d0000,0x00000000557d0000] [id=5112]
  0x0000000056276000 WatcherThread [stack: 0x0000000056700000,0x0000000056800000] [id=4868]

VM state:not at safepoint (normal execution)

VM Mutex/Monitor currently owned by a thread: None

Heap:
 PSYoungGen      total 18432K, used 15743K [0x00000000eb800000, 0x00000000edc00000, 0x0000000100000000)
  eden space 15872K, 83% used [0x00000000eb800000,0x00000000ec4e3d50,0x00000000ec780000)
  from space 2560K, 99% used [0x00000000ec780000,0x00000000ec9fc020,0x00000000eca00000)
  to   space 2560K, 0% used [0x00000000ed980000,0x00000000ed980000,0x00000000edc00000)
 ParOldGen       total 42496K, used 1492K [0x00000000c2800000, 0x00000000c5180000, 0x00000000eb800000)
  object space 42496K, 3% used [0x00000000c2800000,0x00000000c29750b8,0x00000000c5180000)
 Metaspace       used 8119K, capacity 8281K, committed 8320K, reserved 1056768K
  class space    used 832K, capacity 893K, committed 896K, reserved 1048576K

Card table byte_map: [0x0000000011bf0000,0x0000000011de0000] byte_map_base: 0x00000000115dc000

Marking Bits: (ParMarkBitMap*) 0x000000007189a5b0
 Begin Bits: [0x0000000012290000, 0x00000000131f0000)
 End Bits:   [0x00000000131f0000, 0x0000000014150000)

Polling page: 0x0000000000230000

CodeCache: size=245760Kb used=2755Kb max_used=2755Kb free=243004Kb
 bounds [0x0000000002830000, 0x0000000002af0000, 0x0000000011830000]
 total_blobs=1215 nmethods=719 adapters=411
 compilation: enabled

Compilation events (10 events):
Event: 1.239 Thread 0x0000000054cd8800  692       4       sun.java2d.loops.OpaqueCopyArgbToAny::Blit (232 bytes)
Event: 1.280 Thread 0x0000000054cd8800 nmethod 692 0x0000000002add110 code [0x0000000002add340, 0x0000000002adea20]
Event: 1.288 Thread 0x0000000054cdc800  713       3       java.util.AbstractMap::<init> (5 bytes)
Event: 1.288 Thread 0x0000000054cdc800 nmethod 713 0x0000000002ad6650 code [0x0000000002ad67a0, 0x0000000002ad6950]
Event: 1.297 Thread 0x0000000054cdc800  716   !   3       sun.invoke.util.VerifyAccess::isTypeVisible (101 bytes)
Event: 1.298 Thread 0x0000000054cdc800 nmethod 716 0x0000000002ad3610 code [0x0000000002ad3920, 0x0000000002ad5438]
Event: 1.298 Thread 0x0000000054cdc800  714       3       sun.net.www.ParseUtil::encodePath (336 bytes)
Event: 1.299 Thread 0x0000000054cdc800 nmethod 714 0x0000000002ad1c50 code [0x0000000002ad1ec0, 0x0000000002ad2e98]
Event: 1.299 Thread 0x0000000054cdc800  718       3       java.util.Arrays::copyOf (46 bytes)
Event: 1.299 Thread 0x0000000054cdc800 nmethod 718 0x0000000002ad1210 code [0x0000000002ad13c0, 0x0000000002ad1a48]

GC Heap History (2 events):
Event: 1.138 GC heap before
{Heap before GC invocations=1 (full 0):
 PSYoungGen      total 18432K, used 15872K [0x00000000eb800000, 0x00000000ecc80000, 0x0000000100000000)
  eden space 15872K, 100% used [0x00000000eb800000,0x00000000ec780000,0x00000000ec780000)
  from space 2560K, 0% used [0x00000000eca00000,0x00000000eca00000,0x00000000ecc80000)
  to   space 2560K, 0% used [0x00000000ec780000,0x00000000ec780000,0x00000000eca00000)
 ParOldGen       total 42496K, used 0K [0x00000000c2800000, 0x00000000c5180000, 0x00000000eb800000)
  object space 42496K, 0% used [0x00000000c2800000,0x00000000c2800000,0x00000000c5180000)
 Metaspace       used 7978K, capacity 8171K, committed 8320K, reserved 1056768K
  class space    used 818K, capacity 882K, committed 896K, reserved 1048576K
Event: 1.150 GC heap after
Heap after GC invocations=1 (full 0):
 PSYoungGen      total 18432K, used 2544K [0x00000000eb800000, 0x00000000edc00000, 0x0000000100000000)
  eden space 15872K, 0% used [0x00000000eb800000,0x00000000eb800000,0x00000000ec780000)
  from space 2560K, 99% used [0x00000000ec780000,0x00000000ec9fc020,0x00000000eca00000)
  to   space 2560K, 0% used [0x00000000ed980000,0x00000000ed980000,0x00000000edc00000)
 ParOldGen       total 42496K, used 1492K [0x00000000c2800000, 0x00000000c5180000, 0x00000000eb800000)
  object space 42496K, 3% used [0x00000000c2800000,0x00000000c29750b8,0x00000000c5180000)
 Metaspace       used 7978K, capacity 8171K, committed 8320K, reserved 1056768K
  class space    used 818K, capacity 882K, committed 896K, reserved 1048576K
}

Deoptimization events (5 events):
Event: 0.842 Thread 0x000000000227d800 Uncommon trap: reason=null_check action=make_not_entrant pc=0x00000000029e914c method=java.lang.String.equals(Ljava/lang/Object;)Z @ 8
Event: 0.927 Thread 0x000000000227d800 Uncommon trap: reason=unstable_if action=reinterpret pc=0x0000000002a3ec48 method=java.util.ArrayList.indexOf(Ljava/lang/Object;)I @ 41
Event: 0.927 Thread 0x000000000227d800 Uncommon trap: reason=unstable_if action=reinterpret pc=0x0000000002a39074 method=java.util.ArrayList.indexOf(Ljava/lang/Object;)I @ 41
Event: 1.059 Thread 0x000000000227d800 Uncommon trap: reason=unstable_if action=reinterpret pc=0x0000000002a7a580 method=sun.java2d.loops.GraphicsPrimitiveMgr.locate(Lsun/java2d/loops/GraphicsPrimitiveMgr$PrimitiveSpec;)Lsun/java2d/loops/GraphicsPrimitive; @ 85
Event: 1.298 Thread 0x000000000227d800 Uncommon trap: reason=unstable_if action=reinterpret pc=0x0000000002988440 method=java.lang.String.startsWith(Ljava/lang/String;I)Z @ 25

Internal exceptions (10 events):
Event: 0.741 Thread 0x000000000227d800 Exception <a 'java/lang/NoSuchFieldError': method resolution failed> (0x00000000ebc70b08) thrown at [C:\workspace\8-2-build-windows-amd64-cygwin\jdk8u65\4987\hotspot\src\share\vm\prims\methodHandles.cpp, line 1146]
Event: 0.778 Thread 0x000000000227d800 Exception <a 'java/security/PrivilegedActionException'> (0x00000000ebd31208) thrown at [C:\workspace\8-2-build-windows-amd64-cygwin\jdk8u65\4987\hotspot\src\share\vm\prims\jvm.cpp, line 1386]
Event: 0.778 Thread 0x000000000227d800 Exception <a 'java/security/PrivilegedActionException'> (0x00000000ebd31418) thrown at [C:\workspace\8-2-build-windows-amd64-cygwin\jdk8u65\4987\hotspot\src\share\vm\prims\jvm.cpp, line 1386]
Event: 0.778 Thread 0x000000000227d800 Exception <a 'java/security/PrivilegedActionException'> (0x00000000ebd35260) thrown at [C:\workspace\8-2-build-windows-amd64-cygwin\jdk8u65\4987\hotspot\src\share\vm\prims\jvm.cpp, line 1386]
Event: 0.778 Thread 0x000000000227d800 Exception <a 'java/security/PrivilegedActionException'> (0x00000000ebd35470) thrown at [C:\workspace\8-2-build-windows-amd64-cygwin\jdk8u65\4987\hotspot\src\share\vm\prims\jvm.cpp, line 1386]
Event: 0.782 Thread 0x000000000227d800 Exception <a 'java/io/FileNotFoundException'> (0x00000000ebd37858) thrown at [C:\workspace\8-2-build-windows-amd64-cygwin\jdk8u65\4987\hotspot\src\share\vm\prims\jni.cpp, line 709]
Event: 0.816 Thread 0x000000000227d800 Exception <a 'java/io/FileNotFoundException'> (0x00000000ebd769c8) thrown at [C:\workspace\8-2-build-windows-amd64-cygwin\jdk8u65\4987\hotspot\src\share\vm\prims\jni.cpp, line 709]
Event: 0.842 Thread 0x000000000227d800 Implicit null exception at 0x00000000029e8f8b to 0x00000000029e913d
Event: 1.293 Thread 0x000000000227d800 Exception <a 'java/lang/IncompatibleClassChangeError': Found class java.lang.Object, but interface was expected> (0x00000000ec415b18) thrown at [C:\workspace\8-2-build-windows-amd64-cygwin\jdk8u65\4987\hotspot\src\share\vm\interpreter\linkResolver.cpp, lin
Event: 1.294 Thread 0x000000000227d800 Exception <a 'java/lang/IncompatibleClassChangeError': Found class java.lang.Object, but interface was expected> (0x00000000ec41c040) thrown at [C:\workspace\8-2-build-windows-amd64-cygwin\jdk8u65\4987\hotspot\src\share\vm\interpreter\linkResolver.cpp, linê"ø–£∑Á?

Events (10 events):
Event: 1.295 loading class engine/Signal done
Event: 1.295 loading class graphics/data/Shader
Event: 1.295 loading class graphics/data/Shader done
Event: 1.296 loading class util/Util
Event: 1.296 loading class util/Util done
Event: 1.298 Thread 0x000000000227d800 Uncommon trap: trap_request=0xffffff65 fr.pc=0x0000000002988440
Event: 1.298 Thread 0x000000000227d800 DEOPT PACKING pc=0x0000000002988440 sp=0x000000000255eff0
Event: 1.298 Thread 0x000000000227d800 DEOPT UNPACKING pc=0x000000000287556a sp=0x000000000255ef68 mode 2
Event: 1.298 loading class org/lwjgl/opengl/ARBShaderObjects
Event: 1.298 loading class org/lwjgl/opengl/ARBShaderObjects done


Dynamic libraries:
0x000000013f0d0000 - 0x000000013f107000 	C:\Program Files\Java\jdk1.8.0_65\bin\java.exe
0x0000000077560000 - 0x0000000077709000 	C:\Windows\SYSTEM32\ntdll.dll
0x0000000077340000 - 0x000000007745f000 	C:\Windows\system32\kernel32.dll
0x000007fefd5c0000 - 0x000007fefd62c000 	C:\Windows\system32\KERNELBASE.dll
0x000007fefeca0000 - 0x000007fefed7b000 	C:\Windows\system32\ADVAPI32.dll
0x000007fefeaf0000 - 0x000007fefeb8f000 	C:\Windows\system32\msvcrt.dll
0x000007feff850000 - 0x000007feff86f000 	C:\Windows\SYSTEM32\sechost.dll
0x000007fefd6d0000 - 0x000007fefd7fd000 	C:\Windows\system32\RPCRT4.dll
0x0000000077460000 - 0x000000007755a000 	C:\Windows\system32\USER32.dll
0x000007fefeff0000 - 0x000007feff057000 	C:\Windows\system32\GDI32.dll
0x000007feff0e0000 - 0x000007feff0ee000 	C:\Windows\system32\LPK.dll
0x000007fefe810000 - 0x000007fefe8d9000 	C:\Windows\system32\USP10.dll
0x000007fefbc00000 - 0x000007fefbdf4000 	C:\Windows\WinSxS\amd64_microsoft.windows.common-controls_6595b64144ccf1df_6.0.7601.18837_none_fa3b1e3d17594757\COMCTL32.dll
0x000007feff060000 - 0x000007feff0d1000 	C:\Windows\system32\SHLWAPI.dll
0x000007feff550000 - 0x000007feff57e000 	C:\Windows\system32\IMM32.DLL
0x000007fefeb90000 - 0x000007fefec99000 	C:\Windows\system32\MSCTF.dll
0x0000000074400000 - 0x00000000744d2000 	C:\Program Files\Java\jdk1.8.0_65\jre\bin\msvcr100.dll
0x0000000071090000 - 0x0000000071919000 	C:\Program Files\Java\jdk1.8.0_65\jre\bin\server\jvm.dll
0x000007fefb010000 - 0x000007fefb019000 	C:\Windows\system32\WSOCK32.dll
0x000007fefefa0000 - 0x000007fefefed000 	C:\Windows\system32\WS2_32.dll
0x000007fefef90000 - 0x000007fefef98000 	C:\Windows\system32\NSI.dll
0x000007fefbee0000 - 0x000007fefbf1b000 	C:\Windows\system32\WINMM.dll
0x000007fefc3a0000 - 0x000007fefc3ac000 	C:\Windows\system32\VERSION.dll
0x0000000077720000 - 0x0000000077727000 	C:\Windows\system32\PSAPI.DLL
0x0000000074e20000 - 0x0000000074e2f000 	C:\Program Files\Java\jdk1.8.0_65\jre\bin\verify.dll
0x0000000074df0000 - 0x0000000074e19000 	C:\Program Files\Java\jdk1.8.0_65\jre\bin\java.dll
0x0000000074d40000 - 0x0000000074d56000 	C:\Program Files\Java\jdk1.8.0_65\jre\bin\zip.dll
0x000007fefd800000 - 0x000007fefe589000 	C:\Windows\system32\SHELL32.dll
0x000007fefe8e0000 - 0x000007fefeae3000 	C:\Windows\system32\ole32.dll
0x000007fefd310000 - 0x000007fefd31f000 	C:\Windows\system32\profapi.dll
0x0000000180000000 - 0x0000000180051000 	H:\MacBeth\natives\lwjgl64.dll
0x000007fef2680000 - 0x000007fef279d000 	C:\Windows\system32\OPENGL32.dll
0x000007fef6580000 - 0x000007fef65ad000 	C:\Windows\system32\GLU32.dll
0x000007fef2580000 - 0x000007fef2671000 	C:\Windows\system32\DDRAW.dll
0x000007fef6840000 - 0x000007fef6848000 	C:\Windows\system32\DCIMAN32.dll
0x000007fefe630000 - 0x000007fefe807000 	C:\Windows\system32\SETUPAPI.dll
0x000007fefd3e0000 - 0x000007fefd416000 	C:\Windows\system32\CFGMGR32.dll
0x000007feff190000 - 0x000007feff267000 	C:\Windows\system32\OLEAUT32.dll
0x000007fefd370000 - 0x000007fefd38a000 	C:\Windows\system32\DEVOBJ.dll
0x000007fefb640000 - 0x000007fefb658000 	C:\Windows\system32\dwmapi.dll
0x000007fefbba0000 - 0x000007fefbbf6000 	C:\Windows\system32\uxtheme.dll
0x0000000056b90000 - 0x0000000057a85000 	C:\Windows\system32\ig4icd64.dll
0x000007fefd1b0000 - 0x000007fefd1bf000 	C:\Windows\system32\CRYPTBASE.dll
0x000007fef1530000 - 0x000007fef15cc000 	C:\Windows\system32\mscms.dll
0x000007fefd350000 - 0x000007fefd36e000 	C:\Windows\system32\USERENV.dll
0x000007fef4d20000 - 0x000007fef4d62000 	C:\Windows\system32\icm32.dll
0x0000000074ae0000 - 0x0000000074c78000 	C:\Program Files\Java\jdk1.8.0_65\jre\bin\awt.dll
0x00000000748f0000 - 0x0000000074937000 	C:\Program Files\Java\jdk1.8.0_65\jre\bin\fontmanager.dll
0x0000000074d90000 - 0x0000000074daa000 	C:\Program Files\Java\jdk1.8.0_65\jre\bin\net.dll
0x000007fefcab0000 - 0x000007fefcb05000 	C:\Windows\system32\mswsock.dll
0x000007fefcaa0000 - 0x000007fefcaa7000 	C:\Windows\System32\wship6.dll
0x0000000074d00000 - 0x0000000074d11000 	C:\Program Files\Java\jdk1.8.0_65\jre\bin\nio.dll
0x0000000074770000 - 0x00000000747b2000 	C:\Program Files\Java\jdk1.8.0_65\jre\bin\t2k.dll
0x000007fef6d90000 - 0x000007fef6eb5000 	C:\Windows\system32\dbghelp.dll

VM Arguments:
jvm_args: -Dfile.encoding=UTF-8 
java_command: macbeth.MacBeth
java_class_path (initial): G:\Forge\library-jars\Forge.jar;G:\Forge\library-jars\jfxrt.jar;G:\Forge\library-jars\jinput.jar;G:\Forge\library-jars\lwjgl.jar;G:\Forge\library-jars\lwjgl_util.jar;G:\Forge\library-jars\slick-util.jar;H:\MacBeth\build\classes
Launcher Type: SUN_STANDARD

Environment Variables:
PATH=C:\Program Files\Common Files\Microsoft Shared\Windows Live;C:\Program Files (x86)\Common Files\Microsoft Shared\Windows Live;C:\ProgramData\Oracle\Java\javapath;C:\Windows\system32;C:\Windows;C:\Windows\System32\Wbem;C:\Windows\System32\WindowsPowerShell\v1.0\;C:\Program Files (x86)\Intel\OpenCL SDK\2.0\bin\x86;C:\Program Files (x86)\Intel\OpenCL SDK\2.0\bin\x64;C:\Program Files (x86)\QuickTime\QTSystem\;C:\Program Files (x86)\Windows Live\Shared
USERNAME=RSoiffer16
OS=Windows_NT
PROCESSOR_IDENTIFIER=Intel64 Family 6 Model 23 Stepping 10, GenuineIntel



---------------  S Y S T E M  ---------------

OS: Windows 7 , 64 bit Build 7601 (6.1.7601.18933)

CPU:total 2 (2 cores per cpu, 1 threads per core) family 6 model 23 stepping 10, cmov, cx8, fxsr, mmx, sse, sse2, sse3, ssse3, sse4.1, tsc

Memory: 4k page, physical 4025952k(1496296k free), swap 8050064k(5114964k free)

vm_info: Java HotSpot(TM) 64-Bit Server VM (25.65-b01) for windows-amd64 JRE (1.8.0_65-b17), built on Oct  6 2015 16:39:20 by "java_re" with MS VC++ 10.0 (VS2010)

time: Fri Mar 11 11:10:53 2016
elapsed time: 1 seconds (0d 0h 0m 1s)

